c:\users\ansar\source\repos\labyrinth escape\out\build\win32-debug\labyrinthescape.dir\debug\vc143.pdb
c:\users\ansar\source\repos\labyrinth escape\out\build\win32-debug\labyrinthescape.dir\debug\mesh.obj
c:\users\ansar\source\repos\labyrinth escape\out\build\win32-debug\labyrinthescape.dir\debug\camera.obj
c:\users\ansar\source\repos\labyrinth escape\out\build\win32-debug\labyrinthescape.dir\debug\shader.obj
c:\users\ansar\source\repos\labyrinth escape\out\build\win32-debug\labyrinthescape.dir\debug\main.obj
c:\users\ansar\source\repos\labyrinth escape\out\build\win32-debug\labyrinthescape.dir\debug\glad.obj
c:\users\ansar\source\repos\labyrinth escape\out\build\win32-debug\cmakefiles\generate.stamp
c:\users\ansar\source\repos\labyrinth escape\out\build\win32-debug\debug\labyrinthescape.exe
c:\users\ansar\source\repos\labyrinth escape\out\build\win32-debug\debug\labyrinthescape.pdb
c:\users\ansar\source\repos\labyrinth escape\out\build\win32-debug\labyrinthescape.dir\debug\labyrinthescape.ilk
c:\users\ansar\source\repos\labyrinth escape\out\build\win32-debug\labyrinthescape.dir\debug\labyrinthescape.tlog\cl.command.1.tlog
c:\users\ansar\source\repos\labyrinth escape\out\build\win32-debug\labyrinthescape.dir\debug\labyrinthescape.tlog\cl.items.tlog
c:\users\ansar\source\repos\labyrinth escape\out\build\win32-debug\labyrinthescape.dir\debug\labyrinthescape.tlog\cl.read.1.tlog
c:\users\ansar\source\repos\labyrinth escape\out\build\win32-debug\labyrinthescape.dir\debug\labyrinthescape.tlog\cl.write.1.tlog
c:\users\ansar\source\repos\labyrinth escape\out\build\win32-debug\labyrinthescape.dir\debug\labyrinthescape.tlog\custombuild.command.1.tlog
c:\users\ansar\source\repos\labyrinth escape\out\build\win32-debug\labyrinthescape.dir\debug\labyrinthescape.tlog\custombuild.read.1.tlog
c:\users\ansar\source\repos\labyrinth escape\out\build\win32-debug\labyrinthescape.dir\debug\labyrinthescape.tlog\custombuild.write.1.tlog
c:\users\ansar\source\repos\labyrinth escape\out\build\win32-debug\labyrinthescape.dir\debug\labyrinthescape.tlog\link.command.1.tlog
c:\users\ansar\source\repos\labyrinth escape\out\build\win32-debug\labyrinthescape.dir\debug\labyrinthescape.tlog\link.read.1.tlog
c:\users\ansar\source\repos\labyrinth escape\out\build\win32-debug\labyrinthescape.dir\debug\labyrinthescape.tlog\link.secondary.1.tlog
c:\users\ansar\source\repos\labyrinth escape\out\build\win32-debug\labyrinthescape.dir\debug\labyrinthescape.tlog\link.write.1.tlog
